2025-10-27 14:04:31, MOVE, v:1, k:poo@notebook, mode:PICK
2025-10-27 14:08:45, EXEC, v:1, k:poo@notebook, mode:FREE, size:2
2025-10-27 14:08:52, MOVE, v:1, k:poo@notebook, mode:BACK
2025-10-27 14:08:54, MOVE, v:1, k:poo@notebook, mode:PICK
2025-10-27 14:47:49, EXEC, v:1, k:poo@notebook, mode:FREE, size:45
2025-10-27 14:50:38, EXEC, v:1, k:poo@notebook, mode:FREE, size:45
2025-10-27 14:51:40, MOVE, v:1, k:poo@notebook, mode:BACK
2025-10-27 14:51:40, MOVE, v:1, k:poo@notebook, mode:PICK
2025-10-27 14:51:41, MOVE, v:1, k:poo@notebook, mode:BACK
2025-10-27 14:51:42, MOVE, v:1, k:poo@notebook, mode:PICK
2025-10-27 14:51:43, EXEC, v:1, k:poo@notebook, mode:LOCK, rate:0, size:47
2025-10-27 14:51:46, EXEC, v:1, k:poo@notebook, mode:LOCK, rate:0
2025-10-27 14:51:47, MOVE, v:1, k:poo@notebook, mode:BACK
2025-10-27 14:51:48, MOVE, v:1, k:poo@notebook, mode:PICK
2025-10-27 14:55:24, EXEC, v:1, k:poo@notebook, mode:FREE, size:47
2025-10-27 15:02:03, MOVE, v:1, k:poo@notebook, mode:PICK
2025-10-27 15:06:08, EXEC, v:1, k:poo@notebook, mode:FREE, size:61
2025-10-27 15:06:40, MOVE, v:1, k:poo@notebook, mode:BACK
2025-10-27 15:06:41, MOVE, v:1, k:poo@notebook, mode:PICK
2025-10-27 15:07:22, EXEC, v:1, k:poo@notebook, mode:FREE, size:61
2025-10-27 15:12:18, EXEC, v:1, k:poo@notebook, mode:FREE
