2025-10-26 14:34:24, MOVE, v:1, k:poo@motouber, mode:PICK
2025-10-26 14:51:03, EXEC, v:1, k:poo@motouber, mode:FULL, rate:0, size:37
2025-10-26 14:51:20, EXEC, v:1, k:poo@motouber, mode:FULL, rate:0, size:37
2025-10-26 14:51:28, EXEC, v:1, k:poo@motouber, mode:FULL, rate:12, size:37
2025-10-26 15:14:09, EXEC, v:1, k:poo@motouber, mode:FULL, rate:12, size:44
2025-10-26 15:39:04, EXEC, v:1, k:poo@motouber, mode:FULL, rate:25, size:46
2025-10-26 15:45:35, EXEC, v:1, k:poo@motouber, mode:FULL, rate:50, size:52
2025-10-26 16:01:12, MOVE, v:1, k:poo@motouber, mode:BACK
2025-10-26 16:07:08, MOVE, v:1, k:poo@motouber, mode:PICK
2025-10-26 16:07:09, MOVE, v:1, k:poo@motouber, mode:BACK
2025-10-26 16:07:28, MOVE, v:1, k:poo@motouber, mode:PICK
2025-10-26 16:07:33, MOVE, v:1, k:poo@motouber, mode:BACK
2025-10-26 16:08:06, MOVE, v:1, k:poo@motouber, mode:PICK
2025-10-26 16:08:08, EXEC, v:1, k:poo@motouber, mode:FULL, rate:50
2025-10-26 16:16:00, EXEC, v:1, k:poo@motouber, mode:FULL, rate:50, size:55
2025-10-26 16:16:26, EXEC, v:1, k:poo@motouber, mode:FULL, rate:50, size:56
2025-10-26 16:19:02, EXEC, v:1, k:poo@motouber, mode:FULL, rate:75, size:60
2025-10-26 16:44:16, EXEC, v:1, k:poo@motouber, mode:FULL, rate:12, size:70
2025-10-26 16:45:16, EXEC, v:1, k:poo@motouber, mode:FULL, rate:50, size:70
2025-10-26 16:45:32, EXEC, v:1, k:poo@motouber, mode:FULL, rate:50, size:70
2025-10-26 16:48:28, EXEC, v:1, k:poo@motouber, mode:FULL, rate:75, size:70
2025-10-26 16:56:22, EXEC, v:1, k:poo@motouber, mode:FULL, rate:87, size:78
2025-10-26 17:01:33, EXEC, v:1, k:poo@motouber, mode:FULL, rate:87, size:83
2025-10-26 17:11:33, EXEC, v:1, k:poo@motouber, mode:FULL, rate:100, size:85
2025-10-26 17:12:42, MOVE, v:1, k:poo@motouber, mode:BACK
2025-10-26 17:14:28, SELF, v:1, k:poo@motouber, rate:100, human:namorado, alone:9, study:180
