2025-10-12 08:58:19, MOVE, v:1, k:roupa, mode:PICK
2025-10-12 09:04:16, EXEC, v:1, k:roupa, mode:FULL, rate:0, size:27
2025-10-12 09:05:11, EXEC, v:1, k:roupa, mode:FULL, rate:0, size:27
2025-10-12 09:05:25, EXEC, v:1, k:roupa, mode:FULL, rate:0, size:27
2025-10-12 09:05:42, EXEC, v:1, k:roupa, mode:FULL, rate:0, size:27
2025-10-12 09:05:55, EXEC, v:1, k:roupa, mode:FULL, rate:0, size:27
2025-10-12 09:05:56, EXEC, v:1, k:roupa, mode:FULL, rate:0
2025-10-12 09:06:02, EXEC, v:1, k:roupa, mode:FULL, rate:0, size:27
2025-10-12 09:06:17, EXEC, v:1, k:roupa, mode:FULL, rate:0, size:27
2025-10-12 09:08:04, EXEC, v:1, k:roupa, mode:FULL, rate:0, size:28
2025-10-12 09:08:37, EXEC, v:1, k:roupa, mode:FULL, rate:0, size:30
2025-10-12 09:08:43, EXEC, v:1, k:roupa, mode:FULL, rate:0, size:29
2025-10-12 09:10:11, MOVE, v:1, k:roupa, mode:PICK
2025-10-12 09:10:24, MOVE, v:1, k:roupa, mode:PICK
2025-10-12 09:10:25, EXEC, v:1, k:roupa, mode:FULL, rate:0, size:29
2025-10-12 09:11:34, EXEC, v:1, k:roupa, mode:FULL, rate:0, size:31
2025-10-12 09:12:22, EXEC, v:1, k:roupa, mode:FULL, rate:0, size:33
2025-10-12 09:12:47, EXEC, v:1, k:roupa, mode:FULL, rate:0, size:33
2025-10-12 09:12:48, EXEC, v:1, k:roupa, mode:FULL, rate:0
2025-10-12 09:13:09, EXEC, v:1, k:roupa, mode:FULL, rate:0, size:33
2025-10-12 09:14:42, MOVE, v:1, k:roupa, mode:PICK
2025-10-12 09:14:48, MOVE, v:1, k:roupa, mode:PICK
2025-10-12 09:14:58, EXEC, v:1, k:roupa, mode:FULL, rate:0, size:33
2025-10-12 09:15:16, EXEC, v:1, k:roupa, mode:FULL, rate:0, size:33
2025-10-12 09:15:40, EXEC, v:1, k:roupa, mode:FULL, rate:0, size:33
2025-10-12 09:15:56, MOVE, v:1, k:roupa, mode:PICK
2025-10-12 09:16:02, MOVE, v:1, k:roupa, mode:PICK
2025-10-12 09:16:25, EXEC, v:1, k:roupa, mode:FULL, rate:0, size:33
2025-10-12 09:19:55, EXEC, v:1, k:roupa, mode:FULL, rate:0, size:33
2025-10-12 09:22:27, MOVE, v:1, k:roupa, mode:PICK
2025-10-12 09:22:28, EXEC, v:1, k:roupa, mode:FULL, rate:100
2025-10-12 09:22:42, MOVE, v:1, k:roupa, mode:BACK
2025-10-12 09:23:29, SELF, v:1, k:roupa, rate:100, study:2400
2025-10-12 09:32:42, SELF, v:1, k:camisa
2025-10-12 09:32:53, MOVE, v:1, k:relogio, mode:DOWN
2025-10-12 09:32:59, MOVE, v:1, k:relogio, mode:PICK
2025-10-12 09:53:32, MOVE, v:1, k:relogio, mode:PICK
2025-10-12 09:57:48, EXEC, v:1, k:relogio, mode:FULL, rate:0, size:11
2025-10-12 10:18:57, EXEC, v:1, k:relogio, mode:FULL, rate:0, size:24
2025-10-12 10:19:09, MOVE, v:1, k:relogio, mode:BACK
2025-10-12 10:19:10, MOVE, v:1, k:relogio, mode:PICK
2025-10-12 10:19:12, EXEC, v:1, k:relogio, mode:FULL, rate:0
2025-10-12 10:20:40, EXEC, v:1, k:relogio, mode:FULL, rate:0, size:22
2025-10-12 10:26:11, EXEC, v:1, k:relogio, mode:FULL, rate:0, size:33
2025-10-12 10:33:19, EXEC, v:1, k:relogio, mode:FULL, rate:0, size:49
2025-10-12 10:38:29, MOVE, v:1, k:relogio, mode:PICK
2025-10-12 10:41:29, EXEC, v:1, k:relogio, mode:FULL, rate:0, size:54
2025-10-12 10:45:50, EXEC, v:1, k:relogio, mode:FULL, rate:0, size:53
2025-10-12 10:45:58, EXEC, v:1, k:relogio, mode:FULL, rate:0, size:56
2025-10-12 10:46:54, EXEC, v:1, k:relogio, mode:FULL, rate:0, size:59
2025-10-12 10:49:22, EXEC, v:1, k:relogio, mode:FULL, rate:0, size:63
2025-10-12 10:52:28, EXEC, v:1, k:relogio, mode:FULL, rate:0, size:66
2025-10-12 10:52:30, EXEC, v:1, k:relogio, mode:FULL, rate:0
