2025-10-25 11:50:30, MOVE, v:1, k:poo@grafite, mode:PICK
2025-10-25 11:58:33, MOVE, v:1, k:poo@grafite, mode:BACK
2025-10-25 13:19:54, MOVE, v:1, k:poo@grafite, mode:PICK
2025-10-25 13:52:45, EXEC, v:1, k:poo@grafite, mode:FULL, rate:0, size:83
2025-10-25 13:53:17, EXEC, v:1, k:poo@grafite, mode:FULL, rate:0, size:83
2025-10-25 13:55:48, EXEC, v:1, k:poo@grafite, mode:FULL, rate:0, size:88
2025-10-25 14:00:49, EXEC, v:1, k:poo@grafite, mode:FULL, rate:0, size:88
2025-10-25 14:01:13, EXEC, v:1, k:poo@grafite, mode:FULL, rate:0, size:88
2025-10-25 14:14:08, EXEC, v:1, k:poo@grafite, mode:FULL, rate:0, size:91
2025-10-25 14:14:25, EXEC, v:1, k:poo@grafite, mode:FULL, rate:0, size:91
2025-10-25 14:14:33, EXEC, v:1, k:poo@grafite, mode:FULL, rate:0, size:91
2025-10-25 14:14:47, EXEC, v:1, k:poo@grafite, mode:FULL, rate:0, size:91
2025-10-25 14:15:14, EXEC, v:1, k:poo@grafite, mode:FULL, rate:0, size:93
2025-10-25 14:16:30, EXEC, v:1, k:poo@grafite, mode:FULL, rate:0, size:93
2025-10-25 14:18:51, EXEC, v:1, k:poo@grafite, mode:FULL, rate:0
2025-10-25 14:20:44, EXEC, v:1, k:poo@grafite, mode:FULL, rate:0, size:93
2025-10-25 14:23:14, EXEC, v:1, k:poo@grafite, mode:FULL, rate:0, size:93
2025-10-25 14:25:32, EXEC, v:1, k:poo@grafite, mode:FULL, rate:0, size:96
2025-10-25 14:28:07, EXEC, v:1, k:poo@grafite, mode:FULL, rate:0, size:95
2025-10-25 14:30:01, EXEC, v:1, k:poo@grafite, mode:FULL, rate:0, size:97
2025-10-25 14:30:02, EXEC, v:1, k:poo@grafite, mode:FULL, rate:0, size:97
2025-10-25 14:31:12, EXEC, v:1, k:poo@grafite, mode:FULL, rate:0, size:97
2025-10-25 14:31:41, EXEC, v:1, k:poo@grafite, mode:FULL, rate:0, size:97
2025-10-25 14:39:10, EXEC, v:1, k:poo@grafite, mode:FULL, rate:0, size:103
2025-10-25 14:39:11, EXEC, v:1, k:poo@grafite, mode:FULL, rate:0
2025-10-25 14:39:12, EXEC, v:1, k:poo@grafite, mode:FULL, rate:0
2025-10-25 14:40:38, MOVE, v:1, k:poo@grafite, mode:BACK
2025-10-25 14:49:29, MOVE, v:1, k:poo@grafite, mode:PICK
2025-10-25 14:49:30, EXEC, v:1, k:poo@grafite, mode:FULL, rate:0, size:115
2025-10-25 14:49:30, EXEC, v:1, k:poo@grafite, mode:FULL, rate:0, size:115
2025-10-25 14:56:10, EXEC, v:1, k:poo@grafite, mode:FULL, rate:0, size:115
2025-10-25 14:56:58, MOVE, v:1, k:poo@grafite, mode:BACK
2025-10-25 16:07:27, MOVE, v:1, k:poo@grafite, mode:PICK
2025-10-25 16:07:45, EXEC, v:1, k:poo@grafite, mode:FULL, rate:10, size:115
2025-10-25 16:11:04, EXEC, v:1, k:poo@grafite, mode:FULL, rate:10, size:115
2025-10-25 16:12:08, EXEC, v:1, k:poo@grafite, mode:FULL, rate:10, size:115
2025-10-25 16:15:14, EXEC, v:1, k:poo@grafite, mode:FULL, rate:10, size:115
2025-10-25 16:16:32, EXEC, v:1, k:poo@grafite, mode:FULL, rate:10, size:115
2025-10-25 16:18:35, EXEC, v:1, k:poo@grafite, mode:FULL, rate:10, size:115
2025-10-25 16:25:17, EXEC, v:1, k:poo@grafite, mode:FULL, rate:10
2025-10-25 16:27:10, EXEC, v:1, k:poo@grafite, mode:FULL, rate:10, size:118
2025-10-25 16:28:32, EXEC, v:1, k:poo@grafite, mode:FULL, rate:10, size:117
2025-10-25 16:33:38, EXEC, v:1, k:poo@grafite, mode:FULL, rate:10
2025-10-25 16:36:39, EXEC, v:1, k:poo@grafite, mode:FULL, rate:10, size:119
2025-10-25 16:37:12, EXEC, v:1, k:poo@grafite, mode:FULL, rate:0, size:119
2025-10-25 16:37:25, EXEC, v:1, k:poo@grafite, mode:FULL, rate:0, size:119
2025-10-25 16:37:33, EXEC, v:1, k:poo@grafite, mode:FULL, rate:10, size:119
2025-10-25 16:37:49, EXEC, v:1, k:poo@grafite, mode:FULL, rate:10
2025-10-25 16:39:01, EXEC, v:1, k:poo@grafite, mode:FULL, rate:10, size:119
2025-10-25 16:40:00, EXEC, v:1, k:poo@grafite, mode:FULL, rate:40, size:119
2025-10-25 16:41:46, MOVE, v:1, k:poo@grafite, mode:PICK
2025-10-25 16:41:48, EXEC, v:1, k:poo@grafite, mode:FULL, rate:40
2025-10-25 16:43:42, EXEC, v:1, k:poo@grafite, mode:FULL, rate:60, size:118
2025-10-25 16:43:42, EXEC, v:1, k:poo@grafite, mode:FULL, rate:60, size:118
2025-10-25 16:44:11, EXEC, v:1, k:poo@grafite, mode:FULL, rate:60, size:117
2025-10-25 16:44:29, EXEC, v:1, k:poo@grafite, mode:FULL, rate:60, size:118
2025-10-25 16:47:10, EXEC, v:1, k:poo@grafite, mode:FULL, rate:60, size:124
2025-10-25 16:47:47, MOVE, v:1, k:poo@grafite, mode:PICK
2025-10-25 16:48:12, EXEC, v:1, k:poo@grafite, mode:FULL, rate:60
2025-10-25 16:48:30, EXEC, v:1, k:poo@grafite, mode:FULL, rate:80, size:124
2025-10-25 16:48:55, EXEC, v:1, k:poo@grafite, mode:FULL, rate:80, size:124
2025-10-25 16:49:17, EXEC, v:1, k:poo@grafite, mode:FULL, rate:90, size:124
2025-10-25 16:49:37, EXEC, v:1, k:poo@grafite, mode:FULL, rate:80, size:124
2025-10-25 16:49:45, EXEC, v:1, k:poo@grafite, mode:FULL, rate:90, size:124
2025-10-25 16:50:06, EXEC, v:1, k:poo@grafite, mode:FULL, rate:90, size:124
2025-10-25 16:50:22, EXEC, v:1, k:poo@grafite, mode:FULL, rate:80, size:124
2025-10-25 16:50:38, EXEC, v:1, k:poo@grafite, mode:FULL, rate:90, size:124
2025-10-25 16:50:53, EXEC, v:1, k:poo@grafite, mode:FULL, rate:90, size:124
2025-10-25 16:55:20, EXEC, v:1, k:poo@grafite, mode:FULL, rate:90, size:124
2025-10-25 16:55:40, EXEC, v:1, k:poo@grafite, mode:FULL, rate:90, size:124
2025-10-25 16:56:01, EXEC, v:1, k:poo@grafite, mode:FULL, rate:90, size:124
2025-10-25 16:56:10, EXEC, v:1, k:poo@grafite, mode:FULL, rate:80, size:124
2025-10-25 16:56:21, EXEC, v:1, k:poo@grafite, mode:FULL, rate:90, size:124
2025-10-25 16:58:13, EXEC, v:1, k:poo@grafite, mode:FULL, rate:90, size:124
2025-10-25 17:01:14, EXEC, v:1, k:poo@grafite, mode:FULL, rate:80, size:124
2025-10-25 17:01:26, EXEC, v:1, k:poo@grafite, mode:FULL, rate:90, size:124
2025-10-25 17:03:53, EXEC, v:1, k:poo@grafite, mode:FULL, rate:90
2025-10-25 17:15:18, EXEC, v:1, k:poo@grafite, mode:FULL, rate:20, size:117
2025-10-25 17:15:30, EXEC, v:1, k:poo@grafite, mode:FULL, rate:90, size:121
2025-10-25 17:18:23, EXEC, v:1, k:poo@grafite, mode:FULL, rate:20, size:118
2025-10-25 17:18:32, EXEC, v:1, k:poo@grafite, mode:FULL, rate:10, size:118
2025-10-25 17:18:53, EXEC, v:1, k:poo@grafite, mode:FULL, rate:80, size:120
2025-10-25 17:19:20, EXEC, v:1, k:poo@grafite, mode:FULL, rate:90, size:120
2025-10-25 17:22:12, EXEC, v:1, k:poo@grafite, mode:FULL, rate:90, size:120
2025-10-25 17:22:33, EXEC, v:1, k:poo@grafite, mode:FULL, rate:80, size:120
2025-10-25 17:23:06, EXEC, v:1, k:poo@grafite, mode:FULL, rate:80, size:120
2025-10-25 17:23:23, EXEC, v:1, k:poo@grafite, mode:FULL, rate:80, size:120
2025-10-25 17:23:52, EXEC, v:1, k:poo@grafite, mode:FULL, rate:80, size:120
2025-10-25 17:24:15, EXEC, v:1, k:poo@grafite, mode:FULL, rate:80, size:120
2025-10-25 17:24:42, EXEC, v:1, k:poo@grafite, mode:FULL, rate:80, size:120
2025-10-25 17:29:22, EXEC, v:1, k:poo@grafite, mode:FULL, rate:80, size:120
2025-10-25 17:29:28, EXEC, v:1, k:poo@grafite, mode:FULL, rate:80, size:120
2025-10-25 17:29:48, EXEC, v:1, k:poo@grafite, mode:FULL, rate:90, size:120
2025-10-25 17:30:22, EXEC, v:1, k:poo@grafite, mode:FULL, rate:100, size:120
2025-10-25 17:31:42, MOVE, v:1, k:poo@grafite, mode:BACK
2025-10-25 17:32:26, SELF, v:1, k:poo@grafite, rate:100, human:sim, alone:7, study:120
2025-10-25 17:37:10, MOVE, v:1, k:poo@relogio, mode:DOWN
2025-10-25 17:37:12, MOVE, v:1, k:poo@relogio, mode:PICK
2025-10-25 17:37:14, EXEC, v:1, k:poo@relogio, mode:FULL, rate:0, size:0
2025-10-25 17:37:25, EXEC, v:1, k:poo@relogio, mode:FULL, rate:0
2025-10-25 17:37:32, MOVE, v:1, k:poo@relogio, mode:BACK
